<?xml version="1.0" encoding="UTF-8"?>
<testng-results skipped="0" failed="0" total="1" passed="1">
  <reporter-output>
  </reporter-output>
  <suite name="com.gspann.com.ClearTripTest" duration-ms="108880" started-at="2016-09-01T10:01:22Z" finished-at="2016-09-01T10:03:11Z">
    <groups>
    </groups>
    <test name="Command line test" duration-ms="108880" started-at="2016-09-01T10:01:22Z" finished-at="2016-09-01T10:03:11Z">
      <class name="com.gspann.com.ClearTripTest">
        <test-method status="PASS" signature="startup(java.lang.String)[pri:0, instance:com.gspann.com.ClearTripTest@468634b6]" name="startup" is-config="true" duration-ms="11103" started-at="2016-09-01T15:31:22Z" finished-at="2016-09-01T15:31:33Z">
          <params>
            <param index="0">
              <value is-null="true"/>
            </param>
          </params>
          <reporter-output>
          </reporter-output>
        </test-method> <!-- startup -->
        <test-method status="PASS" signature="testHomePage(java.lang.String, java.lang.String)[pri:0, instance:com.gspann.com.ClearTripTest@468634b6]" name="testHomePage" duration-ms="97756" started-at="2016-09-01T15:31:33Z" finished-at="2016-09-01T15:33:11Z">
          <params>
            <param index="0">
              <value is-null="true"/>
            </param>
            <param index="1">
              <value is-null="true"/>
            </param>
          </params>
          <reporter-output>
          </reporter-output>
        </test-method> <!-- testHomePage -->
      </class> <!-- com.gspann.com.ClearTripTest -->
    </test> <!-- Command line test -->
  </suite> <!-- com.gspann.com.ClearTripTest -->
</testng-results>
