<?xml version="1.0" encoding="UTF-8"?>
<testng-results skipped="0" failed="0" total="1" passed="1">
  <reporter-output>
  </reporter-output>
  <suite name="Default suite" duration-ms="14076" started-at="2016-09-01T17:08:10Z" finished-at="2016-09-01T17:08:24Z">
    <groups>
    </groups>
    <test name="Default test" duration-ms="14076" started-at="2016-09-01T17:08:10Z" finished-at="2016-09-01T17:08:24Z">
      <class name="com.practice.AlertTest">
        <test-method status="PASS" signature="startup()[pri:0, instance:com.practice.AlertTest@60413157]" name="startup" duration-ms="14047" started-at="2016-09-01T22:38:10Z" finished-at="2016-09-01T22:38:24Z">
          <reporter-output>
          </reporter-output>
        </test-method> <!-- startup -->
      </class> <!-- com.practice.AlertTest -->
    </test> <!-- Default test -->
  </suite> <!-- Default suite -->
</testng-results>
